-------------------------------------------------------------------------------
Test set: com.example.o2o.dao.ProductCategoryDaoTest
-------------------------------------------------------------------------------
Tests run: 3, Failures: 0, Errors: 1, Skipped: 0, Time elapsed: 0.036 s <<< FAILURE! - in com.example.o2o.dao.ProductCategoryDaoTest
testBProductCategoryDao(com.example.o2o.dao.ProductCategoryDaoTest)  Time elapsed: 0.001 s  <<< ERROR!
java.lang.IndexOutOfBoundsException: Index: 0, Size: 0
	at com.example.o2o.dao.ProductCategoryDaoTest.testBProductCategoryDao(ProductCategoryDaoTest.java:26)

