-------------------------------------------------------------------------------
Test set: com.example.o2o.BaseTest
-------------------------------------------------------------------------------
Tests run: 1, Failures: 0, Errors: 1, Skipped: 0, Time elapsed: 0.093 s <<< FAILURE! - in com.example.o2o.BaseTest
initializationError(com.example.o2o.BaseTest)  Time elapsed: 0.006 s  <<< ERROR!
java.lang.Exception: No runnable methods

