-------------------------------------------------------------------------------
Test set: com.example.o2o.service.ProductCategoryServiceTest
-------------------------------------------------------------------------------
Tests run: 1, Failures: 0, Errors: 1, Skipped: 0, Time elapsed: 0 s <<< FAILURE! - in com.example.o2o.service.ProductCategoryServiceTest
TestProductCategoryService(com.example.o2o.service.ProductCategoryServiceTest)  Time elapsed: 0 s  <<< ERROR!
java.lang.IndexOutOfBoundsException: Index: 1, Size: 0
	at com.example.o2o.service.ProductCategoryServiceTest.TestProductCategoryService(ProductCategoryServiceTest.java:19)

