<?xml version="1.0" encoding="UTF-8"?>
<testsuite xmlns:xsi="http://www.w3.org/2001/XMLSchema-instance" xsi:noNamespaceSchemaLocation="https://maven.apache.org/surefire/maven-surefire-plugin/xsd/surefire-test-report.xsd" name="com.example.o2o.dao.ProductDaoTest" time="0.102" tests="6" errors="1" skipped="0" failures="4">
  <properties>
[...]
</properties>
  <testcase name="testAInsertProduct" classname="com.example.o2o.dao.ProductDaoTest" time="0"/>
  <testcase name="testBQueryProductList" classname="com.example.o2o.dao.ProductDaoTest" time="0">
    <failure message="expected:&lt;53&gt; but was:&lt;32&gt;" type="java.lang.AssertionError"><![CDATA[java.lang.AssertionError: expected:<53> but was:<32>
	at com.example.o2o.dao.ProductDaoTest.testBQueryProductList(ProductDaoTest.java:85)
]]></failure>
    <system-out><![CDATA[2019-03-19 17:22:49.823 [main] DEBUG com.example.o2o.dao.ProductDao.queryProductList-==>  Preparing: SELECT product_id, product_name, product_desc, img_addr, normal_price, promotion_price, priority, create_time, last_edit_time, enable_status, product_category_id, shop_id FROM tb_product ORDER BY priority DESC LIMIT ?,?; 
2019-03-19 17:22:49.824 [main] DEBUG com.example.o2o.dao.ProductDao.queryProductList-==> Parameters: 0(Integer), 3(Integer)
2019-03-19 17:22:49.827 [main] DEBUG com.example.o2o.dao.ProductDao.queryProductList-<==      Total: 3
2019-03-19 17:22:49.828 [main] DEBUG com.example.o2o.dao.ProductDao.queryProductCount-==>  Preparing: SELECT count(1) FROM tb_product 
2019-03-19 17:22:49.828 [main] DEBUG com.example.o2o.dao.ProductDao.queryProductCount-==> Parameters: 
2019-03-19 17:22:49.830 [main] DEBUG com.example.o2o.dao.ProductDao.queryProductCount-<==      Total: 1
]]></system-out>
  </testcase>
  <testcase name="testCQueryProductByProductId" classname="com.example.o2o.dao.ProductDaoTest" time="0.014">
    <failure message="expected:&lt;2&gt; but was:&lt;8&gt;" type="java.lang.AssertionError"><![CDATA[java.lang.AssertionError: expected:<2> but was:<8>
	at com.example.o2o.dao.ProductDaoTest.testCQueryProductByProductId(ProductDaoTest.java:117)
]]></failure>
    <system-out><![CDATA[2019-03-19 17:22:49.835 [main] DEBUG c.e.o2o.dao.ProductImgDao.batchInsertProductImg-==>  Preparing: INSERT INTO tb_product_img(img_addr,img_desc,priority,create_time,product_id) VALUES ( ?, ?, ?, ?, ? ) , ( ?, ?, ?, ?, ? ) 
2019-03-19 17:22:49.837 [main] DEBUG c.e.o2o.dao.ProductImgDao.batchInsertProductImg-==> Parameters: ??1(String), ????1(String), 1(Integer), 2019-03-19 17:22:49.833(Timestamp), 1(Long), ??2(String), null, 1(Integer), 2019-03-19 17:22:49.833(Timestamp), 1(Long)
2019-03-19 17:22:49.843 [main] DEBUG c.e.o2o.dao.ProductImgDao.batchInsertProductImg-<==    Updates: 2
2019-03-19 17:22:49.844 [main] DEBUG com.example.o2o.dao.ProductDao.queryProductById-==>  Preparing: SELECT p.product_id, p.product_name, p.product_desc, p.img_addr, p.normal_price, p.promotion_price, p.priority, p.create_time, p.last_edit_time, p.enable_status, p.product_category_id, p.shop_id, pm.product_img_id, pm.img_addr AS detail_img, pm.img_desc, pm.priority, pm.create_time FROM tb_product p LEFT JOIN tb_product_img pm ON p.product_id = pm.product_id WHERE p.product_id = ? ORDER BY pm.priority DESC 
2019-03-19 17:22:49.844 [main] DEBUG com.example.o2o.dao.ProductDao.queryProductById-==> Parameters: 1(Long)
2019-03-19 17:22:49.855 [main] DEBUG com.example.o2o.dao.ProductDao.queryProductById-<==      Total: 8
]]></system-out>
  </testcase>
  <testcase name="testDUpdateProduct" classname="com.example.o2o.dao.ProductDaoTest" time="0.008">
    <failure message="expected:&lt;1&gt; but was:&lt;0&gt;" type="java.lang.AssertionError"><![CDATA[java.lang.AssertionError: expected:<1> but was:<0>
	at com.example.o2o.dao.ProductDaoTest.testDUpdateProduct(ProductDaoTest.java:137)
]]></failure>
    <system-out><![CDATA[2019-03-19 17:22:49.859 [main] DEBUG com.example.o2o.dao.ProductDao.updateProduct-==>  Preparing: UPDATE tb_product SET product_name=?, product_category_id=? WHERE product_id = ? AND shop_id=? 
2019-03-19 17:22:49.860 [main] DEBUG com.example.o2o.dao.ProductDao.updateProduct-==> Parameters: ?????(String), 2(Long), 1(Long), 1(Long)
2019-03-19 17:22:49.863 [main] DEBUG com.example.o2o.dao.ProductDao.updateProduct-<==    Updates: 0
]]></system-out>
  </testcase>
  <testcase name="testEUpdateProductCategoryToNull" classname="com.example.o2o.dao.ProductDaoTest" time="0.006">
    <failure message="expected:&lt;5&gt; but was:&lt;0&gt;" type="java.lang.AssertionError"><![CDATA[java.lang.AssertionError: expected:<5> but was:<0>
	at com.example.o2o.dao.ProductDaoTest.testEUpdateProductCategoryToNull(ProductDaoTest.java:144)
]]></failure>
    <system-out><![CDATA[2019-03-19 17:22:49.865 [main] DEBUG c.e.o2o.dao.ProductDao.updateProductCategoryToNull-==>  Preparing: UPDATE tb_product SET product_category_id = null WHERE product_category_id = ? 
2019-03-19 17:22:49.869 [main] DEBUG c.e.o2o.dao.ProductDao.updateProductCategoryToNull-==> Parameters: 4(Long)
2019-03-19 17:22:49.870 [main] DEBUG c.e.o2o.dao.ProductDao.updateProductCategoryToNull-<==    Updates: 0
]]></system-out>
  </testcase>
  <testcase name="testFDeleteShopAuthMap" classname="com.example.o2o.dao.ProductDaoTest" time="0.07">
    <error message="&#10;### Error updating database.  Cause: com.mysql.jdbc.exceptions.jdbc4.MySQLIntegrityConstraintViolationException: Cannot delete or update a parent row: a foreign key constraint fails (`o2o`.`tb_product_img`, CONSTRAINT `fk_proimg_product` FOREIGN KEY (`product_id`) REFERENCES `tb_product` (`product_id`))&#10;### The error may involve defaultParameterMap&#10;### The error occurred while setting parameters&#10;### SQL: DELETE FROM tb_product   WHERE product_id = ?   AND shop_id=?&#10;### Cause: com.mysql.jdbc.exceptions.jdbc4.MySQLIntegrityConstraintViolationException: Cannot delete or update a parent row: a foreign key constraint fails (`o2o`.`tb_product_img`, CONSTRAINT `fk_proimg_product` FOREIGN KEY (`product_id`) REFERENCES `tb_product` (`product_id`))&#10;; SQL []; Cannot delete or update a parent row: a foreign key constraint fails (`o2o`.`tb_product_img`, CONSTRAINT `fk_proimg_product` FOREIGN KEY (`product_id`) REFERENCES `tb_product` (`product_id`)); nested exception is com.mysql.jdbc.exceptions.jdbc4.MySQLIntegrityConstraintViolationException: Cannot delete or update a parent row: a foreign key constraint fails (`o2o`.`tb_product_img`, CONSTRAINT `fk_proimg_product` FOREIGN KEY (`product_id`) REFERENCES `tb_product` (`product_id`))" type="org.springframework.dao.DataIntegrityViolationException">org.springframework.dao.DataIntegrityViolationException: 

### Error updating database.  Cause: com.mysql.jdbc.exceptions.jdbc4.MySQLIntegrityConstraintViolationException: Cannot delete or update a parent row: a foreign key constraint fails (`o2o`.`tb_product_img`, CONSTRAINT `fk_proimg_product` FOREIGN KEY (`product_id`) REFERENCES `tb_product` (`product_id`))
### The error may involve defaultParameterMap
### The error occurred while setting parameters
### SQL: DELETE FROM tb_product   WHERE product_id = ?   AND shop_id=?
### Cause: com.mysql.jdbc.exceptions.jdbc4.MySQLIntegrityConstraintViolationException: Cannot delete or update a parent row: a foreign key constraint fails (`o2o`.`tb_product_img`, CONSTRAINT `fk_proimg_product` FOREIGN KEY (`product_id`) REFERENCES `tb_product` (`product_id`))
; SQL []; Cannot delete or update a parent row: a foreign key constraint fails (`o2o`.`tb_product_img`, CONSTRAINT `fk_proimg_product` FOREIGN KEY (`product_id`) REFERENCES `tb_product` (`product_id`)); nested exception is com.mysql.jdbc.exceptions.jdbc4.MySQLIntegrityConstraintViolationException: Cannot delete or update a parent row: a foreign key constraint fails (`o2o`.`tb_product_img`, CONSTRAINT `fk_proimg_product` FOREIGN KEY (`product_id`) REFERENCES `tb_product` (`product_id`))
	at com.example.o2o.dao.ProductDaoTest.testFDeleteShopAuthMap(ProductDaoTest.java:159)
Caused by: com.mysql.jdbc.exceptions.jdbc4.MySQLIntegrityConstraintViolationException: Cannot delete or update a parent row: a foreign key constraint fails (`o2o`.`tb_product_img`, CONSTRAINT `fk_proimg_product` FOREIGN KEY (`product_id`) REFERENCES `tb_product` (`product_id`))
	at com.example.o2o.dao.ProductDaoTest.testFDeleteShopAuthMap(ProductDaoTest.java:159)
</error>
    <system-out><![CDATA[2019-03-19 17:22:49.874 [main] DEBUG com.example.o2o.dao.ProductDao.queryProductList-==>  Preparing: SELECT product_id, product_name, product_desc, img_addr, normal_price, promotion_price, priority, create_time, last_edit_time, enable_status, product_category_id, shop_id FROM tb_product WHERE product_category_id = ? ORDER BY priority DESC LIMIT ?,?; 
2019-03-19 17:22:49.874 [main] DEBUG com.example.o2o.dao.ProductDao.queryProductList-==> Parameters: 1(Long), 0(Integer), 3(Integer)
2019-03-19 17:22:49.876 [main] DEBUG com.example.o2o.dao.ProductDao.queryProductList-<==      Total: 3
2019-03-19 17:22:49.877 [main] DEBUG com.example.o2o.dao.ProductDao.deleteProduct-==>  Preparing: DELETE FROM tb_product WHERE product_id = ? AND shop_id=? 
2019-03-19 17:22:49.877 [main] DEBUG com.example.o2o.dao.ProductDao.deleteProduct-==> Parameters: 40(Long), 1(Long)
]]></system-out>
    <system-err><![CDATA[Mar 19, 2019 5:22:49 PM org.springframework.beans.factory.xml.XmlBeanDefinitionReader loadBeanDefinitions
INFO: Loading XML bean definitions from class path resource [org/springframework/jdbc/support/sql-error-codes.xml]
Mar 19, 2019 5:22:49 PM org.springframework.jdbc.support.SQLErrorCodesFactory <init>
INFO: SQLErrorCodes loaded: [DB2, Derby, H2, HSQL, Informix, MS-SQL, MySQL, Oracle, PostgreSQL, Sybase, Hana]
]]></system-err>
  </testcase>
</testsuite>